<?xml version="1.0" encoding="UTF-8"?>
<testng-results skipped="0" failed="0" total="1" passed="1">
  <reporter-output>
  </reporter-output>
  <suite name="Default suite" duration-ms="12054" started-at="2015-10-04T14:33:21Z" finished-at="2015-10-04T14:33:33Z">
    <groups>
    </groups>
    <test name="Default test" duration-ms="12054" started-at="2015-10-04T14:33:21Z" finished-at="2015-10-04T14:33:33Z">
      <class name="com.builds.baseutils.Grid">
        <test-method status="PASS" signature="runTestOnMachine()[pri:0, instance:com.builds.baseutils.Grid@19dfb72a]" name="runTestOnMachine" duration-ms="12030" started-at="2015-10-04T20:03:21Z" finished-at="2015-10-04T20:03:33Z">
          <reporter-output>
          </reporter-output>
        </test-method> <!-- runTestOnMachine -->
      </class> <!-- com.builds.baseutils.Grid -->
    </test> <!-- Default test -->
  </suite> <!-- Default suite -->
</testng-results>
